Virtual User Script started at: 7/2/2019 4:39:37 PM
Starting action vuser_init.
Web Turbo Replay of LoadRunner 12.60.0 for Windows 10; build 971 (Aug 09 2018 11:27:13)  	[MsgId: MMSG-26983]
Run mode: HTML  	[MsgId: MMSG-26993]
Replay user agent: Mozilla/5.0 (Windows NT 10.0; Win64; x64; rv:67.0) Gecko/20100101 Firefox/67.0  	[MsgId: MMSG-26988]
Runtime Settings file: "C:\Users\VenD\Documents\VuGen\Scripts\Contact-Us solution\Contact_Us\\default.cfg"  	[MsgId: MMSG-27141]
Ending action vuser_init.
Running Vuser...
Starting iteration 1.
Maximum number of concurrent connections per server: 6  	[MsgId: MMSG-26989]
Starting action Action.
value of randm varaible 
Action.c(27): web_add_header("Upgrade-Insecure-Requests") started  	[MsgId: MMSG-26355]
Action.c(27): web_add_header("Upgrade-Insecure-Requests") was successful  	[MsgId: MMSG-26392]
Action.c(34): web_url("contact-us") started  	[MsgId: MMSG-26355]
Action.c(34): Found resource "https://d32zma52a1h4e2.cloudfront.net/css/lib/jquery-ui.min.css?v=1" in HTML "http://qa1.bystored.com/contact-us"  	[MsgId: MMSG-26659]
Action.c(34): Found resource "https://d32zma52a1h4e2.cloudfront.net/css/lib/select2.min.css" in HTML "http://qa1.bystored.com/contact-us"  	[MsgId: MMSG-26659]
Action.c(34): Found resource "https://d32zma52a1h4e2.cloudfront.net/css/custom-intlTelInput.css?v=3860000002" in HTML "http://qa1.bystored.com/contact-us"  	[MsgId: MMSG-26659]
Action.c(34): Found resource "https://d32zma52a1h4e2.cloudfront.net/css/lib/bootstrap.min.css" in HTML "http://qa1.bystored.com/contact-us"  	[MsgId: MMSG-26659]
Action.c(34): Found resource "https://d32zma52a1h4e2.cloudfront.net/css/bs-main.css?v=3860000002" in HTML "http://qa1.bystored.com/contact-us"  	[MsgId: MMSG-26659]
Action.c(34): Found resource "https://d32zma52a1h4e2.cloudfront.net/css/main.css?v=3860000002" in HTML "http://qa1.bystored.com/contact-us"  	[MsgId: MMSG-26659]
Action.c(34): Found resource "https://d32zma52a1h4e2.cloudfront.net/css/self-storage-new.css?v=3860000002" in HTML "http://qa1.bystored.com/contact-us"  	[MsgId: MMSG-26659]
Action.c(34): Found resource "https://d32zma52a1h4e2.cloudfront.net/css/lib/font-awesome.min.css" in HTML "http://qa1.bystored.com/contact-us"  	[MsgId: MMSG-26659]
Action.c(34): Found resource "https://d15gbi1wjka43z.cloudfront.net/bs-light-theme/logo-v8.svg?v=3860000002" in HTML "http://qa1.bystored.com/contact-us"  	[MsgId: MMSG-26659]
Action.c(34): Downloading resource "https://www.googletagmanager.com/gtm.js?id=GTM-T5BJGQC" (specified by argument number 9)  	[MsgId: MMSG-26577]
Action.c(34): Downloading resource "https://www.google-analytics.com/analytics.js" (specified by argument number 11)  	[MsgId: MMSG-26577]
Action.c(34): Downloading resource "https://www.google-analytics.com/r/collect?v=1&_v=j76&a=2033211938&t=pageview&_s=1&dl=http%3A%2F%2Fqa1.bystored.com%2Fcontact-us&ul=en-us&de=UTF-8&dt=Contact%20us%20to%20get%20storage%20%26%20removals%20rates%7C%20STORED&sd=24-bit&sr=1366x768&vp=1349x657&je=0&_u=YEBAAEAB~&jid=198900315&gjid=304039106&cid=1060359363.1561296225&tid=UA-83695430-1&_gid=1464638045.1561296225&_r=1&gtm=2wg6c0T5BJGQC&z=1195560809" (specified by argument number 13)  	[MsgId: MMSG-26577]
Action.c(34): Downloading resource "https://d30ogvso7rptmy.cloudfront.net/build/browerHandle.bundle.min.js?v=3840000009" (specified by argument number 15)  	[MsgId: MMSG-26577]
Action.c(34): Downloading resource "https://d30ogvso7rptmy.cloudfront.net/build/custom.zopim.min.js?v=3840000009" (specified by argument number 17)  	[MsgId: MMSG-26577]
Action.c(34): Downloading resource "http://v2.zopim.com/bin/v/widget_v2.301.js" (specified by argument number 19)  	[MsgId: MMSG-26577]
Action.c(34): Downloading resource "https://bystored.atlassian.net/s/d41d8cd98f00b204e9800998ecf8427e-T/-rfrvv0/b/6/a44af77267a987a660377e5c46e0fb64/_/download/batch/com.atlassian.jira.collector.plugin.jira-issue-collector-plugin:issuecollector/com.atlassian.jira.collector.plugin.jira-issue-collector-plugin_issuecollector.js?locale=en-US&collectorId=e0c6cd48" (specified by argument number 21)  	[MsgId: MMSG-26577]
Action.c(34): Downloading resource "https://bystored.atlassian.net/rest/collectors/1.0/configuration/trigger/e0c6cd48?os_authType=none&callback=trigger_e0c6cd48" (specified by argument number 23)  	[MsgId: MMSG-26577]
Action.c(34): No socket (out of 16) is CURRENTLY available for a regular connection for URL="https://d15gbi1wjka43z.cloudfront.net/bs-light-theme/sales-avatar.png"  	[MsgId: MMSG-26000]
Action.c(34): Downloading resource "https://d15gbi1wjka43z.cloudfront.net/bs-light-theme/sales-avatar.png" (specified by argument number 25)  	[MsgId: MMSG-26577]
Action.c(34): Found resource "https://d15gbi1wjka43z.cloudfront.net/bs-light-theme/icon-arrow-down.svg" in HTML "http://qa1.bystored.com/contact-us"  	[MsgId: MMSG-26659]
Action.c(34): No socket (out of 16) is CURRENTLY available for a regular connection for URL="https://d15gbi1wjka43z.cloudfront.net/bs-light-theme/icon-arrow-down.svg"  	[MsgId: MMSG-26000]
Action.c(34): Found resource "https://d30ogvso7rptmy.cloudfront.net/lib/jquery.min.js" in HTML "http://qa1.bystored.com/contact-us"  	[MsgId: MMSG-26659]
Action.c(34): No socket (out of 16) is CURRENTLY available for a regular connection for URL="https://d30ogvso7rptmy.cloudfront.net/lib/jquery.min.js"  	[MsgId: MMSG-26000]
Action.c(34): Found resource "https://d30ogvso7rptmy.cloudfront.net/lib/jquery-ui.min.js" in HTML "http://qa1.bystored.com/contact-us"  	[MsgId: MMSG-26659]
Action.c(34): No socket (out of 16) is CURRENTLY available for a regular connection for URL="https://d30ogvso7rptmy.cloudfront.net/lib/jquery-ui.min.js"  	[MsgId: MMSG-26000]
Action.c(34): Found resource "https://cdnjs.cloudflare.com/ajax/libs/babel-polyfill/6.26.0/polyfill.min.js" in HTML "http://qa1.bystored.com/contact-us"  	[MsgId: MMSG-26659]
Action.c(34): No socket (out of 16) is CURRENTLY available for a regular connection for URL="https://cdnjs.cloudflare.com/ajax/libs/babel-polyfill/6.26.0/polyfill.min.js"  	[MsgId: MMSG-26000]
Action.c(34): Found resource "https://www.googleadservices.com/pagead/conversion_async.js" in HTML "http://qa1.bystored.com/contact-us"  	[MsgId: MMSG-26659]
Action.c(34): No socket (out of 16) is CURRENTLY available for a regular connection for URL="https://www.googleadservices.com/pagead/conversion_async.js"  	[MsgId: MMSG-26000]
Action.c(34): Found resource "https://d30ogvso7rptmy.cloudfront.net/build/libraries.min.js?v=3860000002" in HTML "http://qa1.bystored.com/contact-us"  	[MsgId: MMSG-26659]
Action.c(34): No socket (out of 16) is CURRENTLY available for a regular connection for URL="https://d30ogvso7rptmy.cloudfront.net/build/libraries.min.js?v=3860000002"  	[MsgId: MMSG-26000]
Action.c(34): Found resource "https://d30ogvso7rptmy.cloudfront.net/lib/intltelinput/intlTelInput.min.js?v=15.0.2" in HTML "http://qa1.bystored.com/contact-us"  	[MsgId: MMSG-26659]
Action.c(34): No socket (out of 16) is CURRENTLY available for a regular connection for URL="https://d30ogvso7rptmy.cloudfront.net/lib/intltelinput/intlTelInput.min.js?v=15.0.2"  	[MsgId: MMSG-26000]
Action.c(34): Found resource "https://d30ogvso7rptmy.cloudfront.net/build/app.min.js?v=3860000002" in HTML "http://qa1.bystored.com/contact-us"  	[MsgId: MMSG-26659]
Action.c(34): No socket (out of 16) is CURRENTLY available for a regular connection for URL="https://d30ogvso7rptmy.cloudfront.net/build/app.min.js?v=3860000002"  	[MsgId: MMSG-26000]
Action.c(34): Found resource "https://d30ogvso7rptmy.cloudfront.net/build/contact-us.min.js?v=3860000002" in HTML "http://qa1.bystored.com/contact-us"  	[MsgId: MMSG-26659]
Action.c(34): No socket (out of 16) is CURRENTLY available for a regular connection for URL="https://d30ogvso7rptmy.cloudfront.net/build/contact-us.min.js?v=3860000002"  	[MsgId: MMSG-26000]
Action.c(34): No socket (out of 16) is CURRENTLY available for a regular connection for URL="https://d15gbi1wjka43z.cloudfront.net/bs-light-theme/icon-arrow-down.svg"  	[MsgId: MMSG-26000]
Action.c(34): No socket (out of 16) is CURRENTLY available for a regular connection for URL="https://d30ogvso7rptmy.cloudfront.net/lib/jquery.min.js"  	[MsgId: MMSG-26000]
Action.c(34): No socket (out of 16) is CURRENTLY available for a regular connection for URL="https://d30ogvso7rptmy.cloudfront.net/lib/jquery-ui.min.js"  	[MsgId: MMSG-26000]
Action.c(34): No socket (out of 16) is CURRENTLY available for a regular connection for URL="https://cdnjs.cloudflare.com/ajax/libs/babel-polyfill/6.26.0/polyfill.min.js"  	[MsgId: MMSG-26000]
Action.c(34): No socket (out of 16) is CURRENTLY available for a regular connection for URL="https://www.googleadservices.com/pagead/conversion_async.js"  	[MsgId: MMSG-26000]
Action.c(34): No socket (out of 16) is CURRENTLY available for a regular connection for URL="https://d30ogvso7rptmy.cloudfront.net/build/libraries.min.js?v=3860000002"  	[MsgId: MMSG-26000]
Action.c(34): No socket (out of 16) is CURRENTLY available for a regular connection for URL="https://d30ogvso7rptmy.cloudfront.net/lib/intltelinput/intlTelInput.min.js?v=15.0.2"  	[MsgId: MMSG-26000]
Action.c(34): No socket (out of 16) is CURRENTLY available for a regular connection for URL="https://d30ogvso7rptmy.cloudfront.net/build/app.min.js?v=3860000002"  	[MsgId: MMSG-26000]
Action.c(34): No socket (out of 16) is CURRENTLY available for a regular connection for URL="https://d30ogvso7rptmy.cloudfront.net/build/contact-us.min.js?v=3860000002"  	[MsgId: MMSG-26000]
Action.c(34): No socket (out of 16) is CURRENTLY available for a regular connection for URL="https://d30ogvso7rptmy.cloudfront.net/lib/jquery.min.js"  	[MsgId: MMSG-26000]
Action.c(34): No socket (out of 16) is CURRENTLY available for a regular connection for URL="https://d30ogvso7rptmy.cloudfront.net/lib/jquery-ui.min.js"  	[MsgId: MMSG-26000]
Action.c(34): No socket (out of 16) is CURRENTLY available for a regular connection for URL="https://cdnjs.cloudflare.com/ajax/libs/babel-polyfill/6.26.0/polyfill.min.js"  	[MsgId: MMSG-26000]
Action.c(34): No socket (out of 16) is CURRENTLY available for a regular connection for URL="https://www.googleadservices.com/pagead/conversion_async.js"  	[MsgId: MMSG-26000]
Action.c(34): No socket (out of 16) is CURRENTLY available for a regular connection for URL="https://d30ogvso7rptmy.cloudfront.net/build/libraries.min.js?v=3860000002"  	[MsgId: MMSG-26000]
Action.c(34): No socket (out of 16) is CURRENTLY available for a regular connection for URL="https://d30ogvso7rptmy.cloudfront.net/lib/intltelinput/intlTelInput.min.js?v=15.0.2"  	[MsgId: MMSG-26000]
Action.c(34): No socket (out of 16) is CURRENTLY available for a regular connection for URL="https://d30ogvso7rptmy.cloudfront.net/build/app.min.js?v=3860000002"  	[MsgId: MMSG-26000]
Action.c(34): No socket (out of 16) is CURRENTLY available for a regular connection for URL="https://d30ogvso7rptmy.cloudfront.net/build/contact-us.min.js?v=3860000002"  	[MsgId: MMSG-26000]
Action.c(34): No socket (out of 16) is CURRENTLY available for a regular connection for URL="https://d30ogvso7rptmy.cloudfront.net/lib/jquery-ui.min.js"  	[MsgId: MMSG-26000]
Action.c(34): No socket (out of 16) is CURRENTLY available for a regular connection for URL="https://cdnjs.cloudflare.com/ajax/libs/babel-polyfill/6.26.0/polyfill.min.js"  	[MsgId: MMSG-26000]
Action.c(34): No socket (out of 16) is CURRENTLY available for a regular connection for URL="https://www.googleadservices.com/pagead/conversion_async.js"  	[MsgId: MMSG-26000]
Action.c(34): No socket (out of 16) is CURRENTLY available for a regular connection for URL="https://d30ogvso7rptmy.cloudfront.net/build/libraries.min.js?v=3860000002"  	[MsgId: MMSG-26000]
Action.c(34): No socket (out of 16) is CURRENTLY available for a regular connection for URL="https://d30ogvso7rptmy.cloudfront.net/lib/intltelinput/intlTelInput.min.js?v=15.0.2"  	[MsgId: MMSG-26000]
Action.c(34): No socket (out of 16) is CURRENTLY available for a regular connection for URL="https://d30ogvso7rptmy.cloudfront.net/build/app.min.js?v=3860000002"  	[MsgId: MMSG-26000]
Action.c(34): No socket (out of 16) is CURRENTLY available for a regular connection for URL="https://d30ogvso7rptmy.cloudfront.net/build/contact-us.min.js?v=3860000002"  	[MsgId: MMSG-26000]
Action.c(34): No socket (out of 16) is CURRENTLY available for a regular connection for URL="https://cdnjs.cloudflare.com/ajax/libs/babel-polyfill/6.26.0/polyfill.min.js"  	[MsgId: MMSG-26000]
Action.c(34): No socket (out of 16) is CURRENTLY available for a regular connection for URL="https://www.googleadservices.com/pagead/conversion_async.js"  	[MsgId: MMSG-26000]
Action.c(34): No socket (out of 16) is CURRENTLY available for a regular connection for URL="https://d30ogvso7rptmy.cloudfront.net/build/libraries.min.js?v=3860000002"  	[MsgId: MMSG-26000]
Action.c(34): No socket (out of 16) is CURRENTLY available for a regular connection for URL="https://d30ogvso7rptmy.cloudfront.net/lib/intltelinput/intlTelInput.min.js?v=15.0.2"  	[MsgId: MMSG-26000]
Action.c(34): No socket (out of 16) is CURRENTLY available for a regular connection for URL="https://d30ogvso7rptmy.cloudfront.net/build/app.min.js?v=3860000002"  	[MsgId: MMSG-26000]
Action.c(34): No socket (out of 16) is CURRENTLY available for a regular connection for URL="https://d30ogvso7rptmy.cloudfront.net/build/contact-us.min.js?v=3860000002"  	[MsgId: MMSG-26000]
Action.c(34): No socket (out of 16) is CURRENTLY available for a regular connection for URL="https://www.googleadservices.com/pagead/conversion_async.js"  	[MsgId: MMSG-26000]
Action.c(34): No socket (out of 16) is CURRENTLY available for a regular connection for URL="https://d30ogvso7rptmy.cloudfront.net/build/libraries.min.js?v=3860000002"  	[MsgId: MMSG-26000]
Action.c(34): No socket (out of 16) is CURRENTLY available for a regular connection for URL="https://d30ogvso7rptmy.cloudfront.net/lib/intltelinput/intlTelInput.min.js?v=15.0.2"  	[MsgId: MMSG-26000]
Action.c(34): No socket (out of 16) is CURRENTLY available for a regular connection for URL="https://d30ogvso7rptmy.cloudfront.net/build/app.min.js?v=3860000002"  	[MsgId: MMSG-26000]
Action.c(34): No socket (out of 16) is CURRENTLY available for a regular connection for URL="https://d30ogvso7rptmy.cloudfront.net/build/contact-us.min.js?v=3860000002"  	[MsgId: MMSG-26000]
Action.c(34): No socket (out of 16) is CURRENTLY available for a regular connection for URL="https://d30ogvso7rptmy.cloudfront.net/build/libraries.min.js?v=3860000002"  	[MsgId: MMSG-26000]
Action.c(34): No socket (out of 16) is CURRENTLY available for a regular connection for URL="https://d30ogvso7rptmy.cloudfront.net/lib/intltelinput/intlTelInput.min.js?v=15.0.2"  	[MsgId: MMSG-26000]
Action.c(34): No socket (out of 16) is CURRENTLY available for a regular connection for URL="https://d30ogvso7rptmy.cloudfront.net/build/app.min.js?v=3860000002"  	[MsgId: MMSG-26000]
Action.c(34): No socket (out of 16) is CURRENTLY available for a regular connection for URL="https://d30ogvso7rptmy.cloudfront.net/build/contact-us.min.js?v=3860000002"  	[MsgId: MMSG-26000]
Action.c(34): No socket (out of 16) is CURRENTLY available for a regular connection for URL="https://d30ogvso7rptmy.cloudfront.net/lib/intltelinput/intlTelInput.min.js?v=15.0.2"  	[MsgId: MMSG-26000]
Action.c(34): No socket (out of 16) is CURRENTLY available for a regular connection for URL="https://d30ogvso7rptmy.cloudfront.net/build/app.min.js?v=3860000002"  	[MsgId: MMSG-26000]
Action.c(34): No socket (out of 16) is CURRENTLY available for a regular connection for URL="https://d30ogvso7rptmy.cloudfront.net/build/contact-us.min.js?v=3860000002"  	[MsgId: MMSG-26000]
Action.c(34): web_url("contact-us") was successful, 691876 body bytes, 17038 header bytes, 919 chunking overhead bytes  	[MsgId: MMSG-26385]
Action.c(53): web_set_sockets_option started  	[MsgId: MMSG-26355]
Action.c(53): web_set_sockets_option was successful  	[MsgId: MMSG-26392]
Action.c(55): web_add_header("A-IM") started  	[MsgId: MMSG-26355]
Action.c(55): web_add_header("A-IM") was successful  	[MsgId: MMSG-26392]
Action.c(60): web_url("seed") started  	[MsgId: MMSG-26355]
Action.c(60): HTML parsing not performed for Content-Type "application/x-gzip" ("ParseHtmlContentType" Runtime Setting is "TEXT"). URL="https://clientservices.googleapis.com/chrome-variations/seed?osname=win&channel=stable&milestone=75"  	[MsgId: MMSG-26548]
Action.c(60): web_url("seed") was successful, 31137 body bytes, 387 header bytes  	[MsgId: MMSG-26386]
Action.c(68): web_add_cookie started  	[MsgId: MMSG-26355]
Action.c(68): web_add_cookie was successful  	[MsgId: MMSG-26392]
Action.c(70): web_add_cookie started  	[MsgId: MMSG-26355]
Action.c(70): web_add_cookie was successful  	[MsgId: MMSG-26392]
Action.c(72): web_add_cookie started  	[MsgId: MMSG-26355]
Action.c(72): web_add_cookie was successful  	[MsgId: MMSG-26392]
Action.c(74): web_add_cookie started  	[MsgId: MMSG-26355]
Action.c(74): web_add_cookie was successful  	[MsgId: MMSG-26392]
Action.c(76): web_add_cookie started  	[MsgId: MMSG-26355]
Action.c(76): web_add_cookie was successful  	[MsgId: MMSG-26392]
Action.c(78): web_add_cookie started  	[MsgId: MMSG-26355]
Action.c(78): web_add_cookie was successful  	[MsgId: MMSG-26392]
Action.c(80): web_add_cookie started  	[MsgId: MMSG-26355]
Action.c(80): web_add_cookie was successful  	[MsgId: MMSG-26392]
Action.c(82): web_add_cookie started  	[MsgId: MMSG-26355]
Action.c(82): web_add_cookie was successful  	[MsgId: MMSG-26392]
Action.c(84): web_add_cookie started  	[MsgId: MMSG-26355]
Action.c(84): web_add_cookie was successful  	[MsgId: MMSG-26392]
Action.c(86): web_add_cookie started  	[MsgId: MMSG-26355]
Action.c(86): web_add_cookie was successful  	[MsgId: MMSG-26392]
Action.c(88): web_add_cookie started  	[MsgId: MMSG-26355]
Action.c(88): web_add_cookie was successful  	[MsgId: MMSG-26392]
Action.c(90): web_add_auto_header("Origin") started  	[MsgId: MMSG-26355]
Action.c(90): web_add_auto_header("Origin") was successful  	[MsgId: MMSG-26392]
Action.c(93): web_add_header("x-client-type") started  	[MsgId: MMSG-26355]
Action.c(93): web_add_header("x-client-type") was successful  	[MsgId: MMSG-26392]
Action.c(96): web_add_header("x-client-version") started  	[MsgId: MMSG-26355]
Action.c(96): web_add_header("x-client-version") was successful  	[MsgId: MMSG-26392]
Action.c(99): web_add_header("x-container-id") started  	[MsgId: MMSG-26355]
Action.c(99): web_add_header("x-container-id") was successful  	[MsgId: MMSG-26392]
Action.c(102): web_add_header("x-csrf-token") started  	[MsgId: MMSG-26355]
Action.c(102): web_add_header("x-csrf-token") was successful  	[MsgId: MMSG-26392]
Action.c(107): web_custom_request("oranonymous") started  	[MsgId: MMSG-26355]
Action.c(107): web_custom_request("oranonymous") was successful, 718 body bytes, 922 header bytes  	[MsgId: MMSG-26386]
Action.c(118): web_remove_auto_header("Origin") started  	[MsgId: MMSG-26355]
Action.c(118): Previous automatically added web header for "Origin" removed  	[MsgId: MMSG-26587]
Action.c(118): web_remove/revert_auto_header("Origin") was successful  	[MsgId: MMSG-26392]
Action.c(120): web_custom_request("logv2") started  	[MsgId: MMSG-26355]
Action.c(120): Downloading resource "https://d15gbi1wjka43z.cloudfront.net/bs-light-theme/icon-wizard-user.svg" (specified by argument number 12)  	[MsgId: MMSG-26577]
Action.c(120): Downloading resource "https://d15gbi1wjka43z.cloudfront.net/bs-light-theme/email_ic.svg" (specified by argument number 15)  	[MsgId: MMSG-26577]
Action.c(120): Downloading resource "https://d15gbi1wjka43z.cloudfront.net/bs-light-theme/icon-phone-blue.svg" (specified by argument number 18)  	[MsgId: MMSG-26577]
Action.c(120): Downloading resource "https://d15gbi1wjka43z.cloudfront.net/home-page-icons/sprite-home.png" (specified by argument number 21)  	[MsgId: MMSG-26577]
Action.c(120): Downloading resource "https://clients1.google.com/tbproxy/af/query?q=Chc2LjEuMTcxNS4xNDQyL2VuIChHR0xMKRMZ9liFVSk39CgjLQa32WwkIy2RYZVOJCMtB_WFPSQjLeRrHqwkFBMZ8nTieG5VIG4jLWtomm4kIy1Pnif4JCMteG8SGSQjLU98_AIkIy2bXLnlJCMtxmiw_CQU" (specified by argument number 24)  	[MsgId: MMSG-26577]
Action.c(120): Downloading resource "https://s3.eu-west-2.amazonaws.com/bys-prod/assets/img/intl-tel-input/1502/flags.png" (specified by argument number 27)  	[MsgId: MMSG-26577]
Action.c(120): Downloading resource "https://d32zma52a1h4e2.cloudfront.net/fonts/avenir-next/AvenirNext-Regular.woff" (specified by argument number 30)  	[MsgId: MMSG-26577]
Action.c(120): Downloading resource "https://d32zma52a1h4e2.cloudfront.net/fonts/avenir-next/AvenirNext-Medium.woff" (specified by argument number 33)  	[MsgId: MMSG-26577]
Action.c(120): Downloading resource "https://d32zma52a1h4e2.cloudfront.net/fonts/avenir-next/AvenirNext-DemiBold.woff" (specified by argument number 36)  	[MsgId: MMSG-26577]
Action.c(120): Downloading resource "https://d32zma52a1h4e2.cloudfront.net/fonts/avenir-next/AvenirNext-Bold.woff" (specified by argument number 39)  	[MsgId: MMSG-26577]
Action.c(120): Downloading resource "http://r5---sn-1vob-3ipe.gvt1.com/edgedl/chromewebstore/L2Nocm9tZV9leHRlbnNpb24vYmxvYnMvOWVmQUFXS041NV9ZVXlJVWwxbGc5TUM4dw/7519.422.0.3_pkedcjkdefgpdelpbcmbmeomcjbeemfm.crx?cms_redirect=yes&mip=45.116.233.60&mm=28&mn=sn-1vob-3ipe&ms=nvh&mt=1561296141&mv=m&pl=24&shardbypass=yes&usequic=no" (specified by argument number 42)  	[MsgId: MMSG-26577]
Action.c(120): Redirecting "http://r5---sn-1vob-3ipe.gvt1.com/edgedl/chromewebstore/L2Nocm9tZV9leHRlbnNpb24vYmxvYnMvOWVmQUFXS041NV9ZVXlJVWwxbGc5TUM4dw/7519.422.0.3_pkedcjkdefgpdelpbcmbmeomcjbeemfm.crx?cms_redirect=yes&mip=45.116.233.60&mm=28&mn=sn-1vob-3ipe&ms=nvh&mt=1561296141&mv=m&pl=24&shardbypass=yes&usequic=no" (redirection depth is 0)  	[MsgId: MMSG-26694]
Action.c(120): To location "http://r5---sn-4wg7ln7e.gvt1.com/edgedl/chromewebstore/L2Nocm9tZV9leHRlbnNpb24vYmxvYnMvOWVmQUFXS041NV9ZVXlJVWwxbGc5TUM4dw/7519.422.0.3_pkedcjkdefgpdelpbcmbmeomcjbeemfm.crx?mip=45.116.233.60&pl=25&shardbypass=yes&redirect_counter=1&rm=sn-1vob-3ipe76&req_id=12b1f29e047f58eb&cms_redirect=yes&mm=42&mn=sn-4wg7ln7e&ms=onc&mt=1562067417&mv=m&mvi=4&usequic=no"  	[MsgId: MMSG-26693]
Action.c(120): Redirecting "http://r5---sn-4wg7ln7e.gvt1.com/edgedl/chromewebstore/L2Nocm9tZV9leHRlbnNpb24vYmxvYnMvOWVmQUFXS041NV9ZVXlJVWwxbGc5TUM4dw/7519.422.0.3_pkedcjkdefgpdelpbcmbmeomcjbeemfm.crx?mip=45.116.233.60&pl=25&shardbypass=yes&redirect_counter=1&rm=sn-1vob-3ipe76&req_id=12b1f29e047f58eb&cms_redirect=yes&mm=42&mn=sn-4wg7ln7e&ms=onc&mt=1562067417&mv=m&mvi=4&usequic=no" (redirection depth is 1)  	[MsgId: MMSG-26694]
Action.c(120): To location "http://r3---sn-4wg7ln7d.gvt1.com/edgedl/chromewebstore/L2Nocm9tZV9leHRlbnNpb24vYmxvYnMvOWVmQUFXS041NV9ZVXlJVWwxbGc5TUM4dw/7519.422.0.3_pkedcjkdefgpdelpbcmbmeomcjbeemfm.crx?mip=125.209.85.186&pl=24&shardbypass=yes&rm=sn-1vob-3ipe76,sn-4wgs76&req_id=12b1f29e047f58eb&mvi=2&redirect_counter=2&cms_redirect=yes&ipbypass=yes&mm=42&mn=sn-4wg7ln7d&ms=onc&mt=1562066756&mv=u"  	[MsgId: MMSG-26693]
Action.c(120): web_custom_request("logv2") was successful, 1252695 body bytes, 7085 header bytes  	[MsgId: MMSG-26386]
Action.c(157): web_websocket_send started  	[MsgId: MMSG-26355]
Action.c(157): Warning -35046: The WebSocket whose ID is "0" is not connected  	[MsgId: MWAR-35046]
Action.c(157): web_websocket_send highest severity level was "warning"  	[MsgId: MMSG-26391]
Action.c(169): web_websocket_send started  	[MsgId: MMSG-26355]
Action.c(169): Warning -35046: The WebSocket whose ID is "0" is not connected  	[MsgId: MWAR-35046]
Action.c(169): web_websocket_send highest severity level was "warning"  	[MsgId: MMSG-26391]
Action.c(175): web_add_cookie started  	[MsgId: MMSG-26355]
Action.c(175): web_add_cookie was successful  	[MsgId: MMSG-26392]
Action.c(177): web_add_cookie started  	[MsgId: MMSG-26355]
Action.c(177): web_add_cookie was successful  	[MsgId: MMSG-26392]
Action.c(179): web_add_cookie started  	[MsgId: MMSG-26355]
Action.c(179): web_add_cookie was successful  	[MsgId: MMSG-26392]
Action.c(181): web_add_cookie started  	[MsgId: MMSG-26355]
Action.c(181): web_add_cookie was successful  	[MsgId: MMSG-26392]
Action.c(183): web_add_auto_header("X-Requested-With") started  	[MsgId: MMSG-26355]
Action.c(183): web_add_auto_header("X-Requested-With") was successful  	[MsgId: MMSG-26392]
Action.c(186): web_url("get-user-data") started  	[MsgId: MMSG-26355]
Action.c(186): web_url("get-user-data") was successful, 58 body bytes, 715 header bytes, 16 chunking overhead bytes  	[MsgId: MMSG-26385]
Action.c(197): web_websocket_send started  	[MsgId: MMSG-26355]
Action.c(197): Warning -35046: The WebSocket whose ID is "0" is not connected  	[MsgId: MWAR-35046]
Action.c(197): web_websocket_send highest severity level was "warning"  	[MsgId: MMSG-26391]
Action.c(202): web_add_header("Origin") started  	[MsgId: MMSG-26355]
Action.c(202): web_add_header("Origin") was successful  	[MsgId: MMSG-26392]
Action.c(206): web_submit_data("contact-us_2") started  	[MsgId: MMSG-26355]
Action.c(206): web_submit_data("contact-us_2") was successful, 28 body bytes, 766 header bytes, 16 chunking overhead bytes  	[MsgId: MMSG-26385]
Ending action Action.
Ending iteration 1.
Ending Vuser...
Starting action vuser_end.
Ending action vuser_end.
Vuser Terminated.
