Start auto log messages stack - Iteration 6.	[MsgId: MMSG-10545]
Action.c(34): No socket (out of 16) is CURRENTLY available for a regular connection for URL="https://d30ogvso7rptmy.cloudfront.net/build/libraries.min.js?v=3860000000"  	[MsgId: MMSG-26000]
Action.c(34): No socket (out of 16) is CURRENTLY available for a regular connection for URL="https://d30ogvso7rptmy.cloudfront.net/lib/intltelinput/intlTelInput.min.js?v=15.0.2"  	[MsgId: MMSG-26000]
Action.c(34): No socket (out of 16) is CURRENTLY available for a regular connection for URL="https://d30ogvso7rptmy.cloudfront.net/build/app.min.js?v=3860000000"  	[MsgId: MMSG-26000]
Action.c(34): No socket (out of 16) is CURRENTLY available for a regular connection for URL="https://d30ogvso7rptmy.cloudfront.net/build/contact-us.min.js?v=3860000000"  	[MsgId: MMSG-26000]
Action.c(34): Error -27721: Step download timeout (120 seconds) has expired when downloading resource "http://v2.zopim.com/bin/v/widget_v2.301.js". Set the "Step Timeout caused by resources is a warning" Runtime Setting to Yes/No to have this message as a warning/error, respectively  	[MsgId: MERR-27721]
End auto log messages stack.	[MsgId: MMSG-10544]


Start auto log messages stack - Iteration 3.	[MsgId: MMSG-10545]
Action.c(34): No socket (out of 16) is CURRENTLY available for a regular connection for URL="https://d30ogvso7rptmy.cloudfront.net/build/libraries.min.js?v=3860000000"  	[MsgId: MMSG-26000]
Action.c(34): No socket (out of 16) is CURRENTLY available for a regular connection for URL="https://d30ogvso7rptmy.cloudfront.net/lib/intltelinput/intlTelInput.min.js?v=15.0.2"  	[MsgId: MMSG-26000]
Action.c(34): No socket (out of 16) is CURRENTLY available for a regular connection for URL="https://d30ogvso7rptmy.cloudfront.net/build/app.min.js?v=3860000000"  	[MsgId: MMSG-26000]
Action.c(34): No socket (out of 16) is CURRENTLY available for a regular connection for URL="https://d30ogvso7rptmy.cloudfront.net/build/contact-us.min.js?v=3860000000"  	[MsgId: MMSG-26000]
Action.c(34): Error -27721: Step download timeout (120 seconds) has expired when downloading resource "http://v2.zopim.com/bin/v/widget_v2.301.js". Set the "Step Timeout caused by resources is a warning" Runtime Setting to Yes/No to have this message as a warning/error, respectively  	[MsgId: MERR-27721]
End auto log messages stack.	[MsgId: MMSG-10544]


Start auto log messages stack - Iteration 7.	[MsgId: MMSG-10545]
Start auto log messages stack - Iteration 9.	[MsgId: MMSG-10545]
Action.c(34): web_url("contact-us") was successful, 691869 body bytes, 16656 header bytes, 87 chunking overhead bytes  	[MsgId: MMSG-26385]
Action.c(53): web_set_sockets_option started  	[MsgId: MMSG-26355]
Action.c(53): web_set_sockets_option was successful  	[MsgId: MMSG-26392]
Action.c(55): web_add_header("A-IM") started  	[MsgId: MMSG-26355]
Action.c(55): web_add_header("A-IM") was successful  	[MsgId: MMSG-26392]
Action.c(58): lr_think_time: 0.00 seconds (recorded think time was 5.00 seconds).	[MsgId: MMSG-15947]
Action.c(60): web_url("seed") started  	[MsgId: MMSG-26355]
Abort was called from an action.	[MsgId: MMSG-10447]
Ending Vuser...	[MsgId: MMSG-15966]
Starting action vuser_end.	[MsgId: MMSG-15919]
Ending action vuser_end.	[MsgId: MMSG-15918]
Vuser Terminated.	[MsgId: MMSG-15963]
Action.c(60): Error -27760: Request "https://clientservices.googleapis.com/chrome-variations/seed?osname=win&channel=stable&milestone=75" failed  	[MsgId: MERR-27760]
Action.c(96): web_add_header("x-client-version") was successful  	[MsgId: MMSG-26392]
Action.c(99): web_add_header("x-container-id") started  	[MsgId: MMSG-26355]
Action.c(99): web_add_header("x-container-id") was successful  	[MsgId: MMSG-26392]
Action.c(102): web_add_header("x-csrf-token") started  	[MsgId: MMSG-26355]
Action.c(102): web_add_header("x-csrf-token") was successful  	[MsgId: MMSG-26392]
Action.c(105): lr_think_time: 0.00 seconds (recorded think time was 5.00 seconds).	[MsgId: MMSG-15947]
Action.c(107): web_custom_request("oranonymous") started  	[MsgId: MMSG-26355]
Abort was called from an action.	[MsgId: MMSG-10447]
Ending Vuser...	[MsgId: MMSG-15966]
Starting action vuser_end.	[MsgId: MMSG-15919]
Ending action vuser_end.	[MsgId: MMSG-15918]
Vuser Terminated.	[MsgId: MMSG-15963]
Action.c(107): Error -27760: Request "https://auth.grammarly.com/v3/user/oranonymous?app=chromeExt&containerId=ysZceJOeoMze" failed  	[MsgId: MERR-27760]
